Command line:
   latch_Concurrente_isim_beh.exe
     -simmode  gui
     -simrunnum  0
     -socket  49166

Mon Jul 11 08:15:59 2022


 Elaboration Time: 0.0625 sec

 Current Memory Usage: 666.202 Meg

 Total Signals          : 3
 Total Nets             : 3
 Total Signal Drivers   : 1
 Total Blocks           : 2
 Total Primitive Blocks : 2
 Total Processes        : 1
 Total Traceable Variables  : 8
 Total Scalar Nets and Variables : 363
Total Line Count : 1

 Total Simulation Time: 0.0625 sec

 Current Memory Usage: 666.202 Meg

Mon Jul 11 08:16:18 2022

